[debug] > Exec(testOnly com.typesafe.training.scalatrain.Koans, None, None)
[debug] Evaluating tasks: Test / testOnly
[debug] Running task... Cancel: Signal, check cycles: false, forcegc: true
[info] compiling 1 Scala source to D:\train\target\scala-2.11\test-classes ...
[info] done compiling
[info] TimeSpecKoan:
[info] - Calling asMinutes
[info] - Calling minus or -
[info] - Calling val toString
[info] - Default args in Time()
[info] - Creating a Time with hours range[0,23]
[info] - Creating a Time with minutes range[0,59]
[info] - Calling fromJson
[info] - Calling fromJson after toJson
[info] TrainSpecKoan:
[info] - Train nfr724 stop in Dibru, not in Ghy
[info] - Train nfr726 stop in Tinsukia, not in Jorhat
[info] - Train nfr750 stop in Dibru, not in Tinsukia
[info] - Creating a Train must throw IAE for 'schedule' with 0 or 1 element
[info] - stations must be initialized correctly
[info] JourneyPlannerSpecKoan:
[info] - stations to be initialized correctly
[info] - Calling trainsAt must return correct trains
[info] - Calling stopsAt must return correct stops
[info] - Calling inShortTrip must return 'true' if 0 or 1 station in between
[info] - Calling inShortTrip must return false if more than 1 station in between
[info] Run completed in 264 milliseconds.
[info] Total number of tests run: 18
[info] Suites: completed 4, aborted 0
[info] Tests: succeeded 18, failed 0, canceled 0, ignored 0, pending 0
[info] All tests passed.
[success] Total time: 1 s, completed Feb 16, 2021 6:01:21 PM
[debug] > Exec(idea-shell, None, None)
