[debug] > Exec(testOnly com.typesafe.training.scalatrain.TimeSpecKoan, None, None)
[debug] Evaluating tasks: Test / testOnly
[debug] Running task... Cancel: Signal, check cycles: false, forcegc: true
[info] compiling 1 Scala source to D:\train\target\scala-2.11\test-classes ...
[info] done compiling
[info] TimeSpecKoan:
[info] - Calling asMinutes
[info] - Calling minus or -
[info] - Calling val toString
[info] - Default args in Time()
[info] - Creating a Time with hours range[0,23]
[info] - Creating a Time with minutes range[0,59]
[info] - Calling fromJson
[info] Run completed in 198 milliseconds.
[info] Total number of tests run: 7
[info] Suites: completed 1, aborted 0
[info] Tests: succeeded 7, failed 0, canceled 0, ignored 0, pending 0
[info] All tests passed.
[success] Total time: 1 s, completed Feb 16, 2021 5:22:46 PM
[debug] > Exec(idea-shell, None, None)
