[debug] > Exec(early(addDefaultCommands), None, None)
[debug] > Exec(addDefaultCommands, None, None)
[debug] > Exec(early(initialize), None, None)
[debug] > Exec(initialize, None, None)
[debug] > Exec(early(addPluginSbtFile="""C:\Users\ASUSPC~1\AppData\Local\Temp\idea579.sbt"""), None, None)
[debug] > Exec(addPluginSbtFile="""C:\Users\ASUSPC~1\AppData\Local\Temp\idea579.sbt""", None, None)
[debug] > Exec(boot, None, None)
[debug] > Exec(writeSbtVersion, None, None)
[debug] > Exec(reload, None, None)
[debug] > Exec(sbtStashOnFailure, None, None)
[debug] > Exec(onFailure loadFailed, None, None)
[debug] > Exec(loadp, None, None)
[info] welcome to sbt 1.4.7 (OpenLogic-OpenJDK Java 1.8.0-262)
[debug]       Load.loadUnit: plugins took 91.5013ms
[debug]       Load.loadUnit: defsScala took 0.3176ms
[debug] [Loading] Scanning directory C:\Users\Asus PC\.sbt\1.0\plugins
[debug] [Loading] Found non-root projects 
[debug] [Loading] Done in C:\Users\Asus PC\.sbt\1.0\plugins, returning: ()
[debug] deducing auto plugins based on known facts Set(Atom(sbt.plugins.CorePlugin)) and clauses Clauses(List(Clause(Atom(sbt.plugins.JvmPlugin),Set(Atom(sbt.plugins.IvyPlugin))), Clause(Atom(sbt.ScriptedPlugin),Set(Atom(sbt.plugins.JvmPlugin))), Clause(Atom(sbt.plugins.SbtPlugin),Set(Atom(sbt.ScriptedPlugin))), Clause(Atom(sbt.plugins.SemanticdbPlugin),Set(Atom(sbt.plugins.JvmPlugin))), Clause(Atom(sbt.plugins.JUnitXmlReportPlugin),Set(Atom(sbt.plugins.JvmPlugin))), Clause(Atom(sbt.plugins.MiniDependencyTreePlugin),Set(Atom(sbt.plugins.JvmPlugin))), Clause(Atom(sbt.plugins.CorePlugin),Set(Atom(sbt.plugins.IvyPlugin))), Clause(Atom(sbt.plugins.IvyPlugin),Set(Atom(sbt.plugins.JvmPlugin))), Clause(Atom(sbt.plugins.JvmPlugin),Set(Atom(sbt.plugins.SemanticdbPlugin))), Clause(Atom(sbt.plugins.JvmPlugin),Set(Atom(sbt.plugins.JUnitXmlReportPlugin))), Clause(Atom(sbt.plugins.CorePlugin),Set(Atom(sbt.plugins.Giter8TemplatePlugin))), Clause(Atom(sbt.plugins.JvmPlugin),Set(Atom(sbt.plugins.MiniDependencyTreePlugin)))))
[debug]   :: deduced result: Matched(sbt.plugins.CorePlugin,sbt.plugins.Giter8TemplatePlugin,sbt.plugins.IvyPlugin,sbt.plugins.JvmPlugin,sbt.plugins.MiniDependencyTreePlugin,sbt.plugins.JUnitXmlReportPlugin,sbt.plugins.SemanticdbPlugin)
[debug] Plugins.deducer#function took 19.3981 ms
[debug]           Load.resolveProject(global-plugins) took 37.9925ms
[debug]         Load.loadTransitive: finalizeProject(Project(id global-plugins, base: C:\Users\Asus PC\.sbt\1.0\plugins, plugins: List(<none>))) took 80.898ms
[debug] [Loading] Done in C:\Users\Asus PC\.sbt\1.0\plugins, returning: (global-plugins)
[debug]       Load.loadUnit: loadedProjectsRaw took 100.4959ms
[debug]       Load.loadUnit: cleanEvalClasses took 0.2162ms
[debug]     Load.loadUnit(file:/C:/Users/Asus%20PC/.sbt/1.0/plugins/, ...) took 202.475ms
[debug]   Load.apply: load took 463.371ms
[debug]   Load.apply: resolveProjects took 5.2842ms
[debug]   Load.apply: finalTransforms took 44.9963ms
[debug]   Load.apply: config.delegates took 9.3291ms
[debug]   Load.apply: Def.make(settings)... took 621.2349ms
[debug]   Load.apply: structureIndex took 86.717ms
[debug]   Load.apply: mkStreams took 1.5252ms
[info] loading global plugins from C:\Users\Asus PC\.sbt\1.0\plugins
[debug] Running task... Cancel: Signal, check cycles: false, forcegc: true
[debug] Load.defaultLoad until apply took 2406.5506ms
[debug]           Load.loadUnit: plugins took 24.3763ms
[debug]           Load.loadUnit: defsScala took 0.0029ms
[debug] [Loading] Scanning directory D:\train\project
[debug]             Load.loadUnit: mkEval took 6.5972ms
[debug] [Loading] Found non-root projects 
[debug] [Loading] Done in D:\train\project, returning: ()
[debug] deducing auto plugins based on known facts Set(Atom(sbt.plugins.CorePlugin)) and clauses Clauses(List(Clause(Atom(sbt.plugins.JvmPlugin),Set(Atom(sbt.plugins.IvyPlugin))), Clause(Atom(sbt.ScriptedPlugin),Set(Atom(sbt.plugins.JvmPlugin))), Clause(Atom(sbt.plugins.SbtPlugin),Set(Atom(sbt.ScriptedPlugin))), Clause(Atom(sbt.plugins.SemanticdbPlugin),Set(Atom(sbt.plugins.JvmPlugin))), Clause(Atom(sbt.plugins.JUnitXmlReportPlugin),Set(Atom(sbt.plugins.JvmPlugin))), Clause(Atom(sbt.plugins.MiniDependencyTreePlugin),Set(Atom(sbt.plugins.JvmPlugin))), Clause(Atom(sbt.plugins.CorePlugin),Set(Atom(sbt.plugins.IvyPlugin))), Clause(Atom(sbt.plugins.IvyPlugin),Set(Atom(sbt.plugins.JvmPlugin))), Clause(Atom(sbt.plugins.JvmPlugin),Set(Atom(sbt.plugins.SemanticdbPlugin))), Clause(Atom(sbt.plugins.JvmPlugin),Set(Atom(sbt.plugins.JUnitXmlReportPlugin))), Clause(Atom(sbt.plugins.CorePlugin),Set(Atom(sbt.plugins.Giter8TemplatePlugin))), Clause(Atom(sbt.plugins.JvmPlugin),Set(Atom(sbt.plugins.MiniDependencyTreePlugin)))))
[debug]   :: deduced result: Matched(sbt.plugins.CorePlugin,sbt.plugins.Giter8TemplatePlugin,sbt.plugins.IvyPlugin,sbt.plugins.JvmPlugin,sbt.plugins.MiniDependencyTreePlugin,sbt.plugins.JUnitXmlReportPlugin,sbt.plugins.SemanticdbPlugin)
[debug] Plugins.deducer#function took 1.4831 ms
[info] loading settings for project train-build from idea579.sbt ...
[debug]               Load.resolveProject(train-build) took 10.0081ms
[debug]             Load.loadTransitive: finalizeProject(Project(id train-build, base: D:\train\project, plugins: List(<none>))) took 11.9114ms
[debug] [Loading] Done in D:\train\project, returning: (train-build)
[debug]           Load.loadUnit: loadedProjectsRaw took 123.1159ms
[debug]           Load.loadUnit: cleanEvalClasses took 3.0395ms
[debug]         Load.loadUnit(file:/D:/train/project/, ...) took 151.2315ms
[debug]       Load.apply: load took 152.0407ms
[debug]       Load.apply: resolveProjects took 0.0927ms
[debug]       Load.apply: finalTransforms took 8.5826ms
[debug]       Load.apply: config.delegates took 0.3107ms
[debug]       Load.apply: Def.make(settings)... took 72.0957ms
[debug]       Load.apply: structureIndex took 34.7019ms
[debug]       Load.apply: mkStreams took 0.0022ms
[info] loading project definition from D:\train\project
[debug] Running task... Cancel: Signal, check cycles: false, forcegc: true
[debug]     Load.loadUnit: plugins took 504.3988ms
[debug]     Load.loadUnit: defsScala took 0.0028ms
[debug] [Loading] Scanning directory D:\train
[debug]       Load.loadUnit: mkEval took 0.2248ms
[debug] [Loading] Found non-root projects 
[debug] [Loading] Done in D:\train, returning: ()
[debug] deducing auto plugins based on known facts Set(Atom(sbt.plugins.CorePlugin)) and clauses Clauses(List(Clause(Atom(sbt.plugins.JvmPlugin),Set(Atom(sbt.plugins.IvyPlugin))), Clause(Atom(sbt.ScriptedPlugin),Set(Atom(sbt.plugins.JvmPlugin))), Clause(Atom(sbt.plugins.SbtPlugin),Set(Atom(sbt.ScriptedPlugin))), Clause(Atom(sbt.plugins.SemanticdbPlugin),Set(Atom(sbt.plugins.JvmPlugin))), Clause(Atom(sbt.plugins.JUnitXmlReportPlugin),Set(Atom(sbt.plugins.JvmPlugin))), Clause(Atom(sbt.plugins.MiniDependencyTreePlugin),Set(Atom(sbt.plugins.JvmPlugin))), Clause(Atom(org.jetbrains.sbt.StructurePlugin),Set(Atom(sbt.plugins.JvmPlugin))), Clause(Atom(org.jetbrains.sbt.IdeaShellPlugin),Set(Atom(sbt.plugins.JvmPlugin))), Clause(Atom(org.jetbrains.sbt.indices.SbtIntellijIndicesPlugin),Set(Atom(sbt.plugins.JvmPlugin))), Clause(Atom(sbt.plugins.CorePlugin),Set(Atom(sbt.plugins.IvyPlugin))), Clause(Atom(sbt.plugins.IvyPlugin),Set(Atom(sbt.plugins.JvmPlugin))), Clause(Atom(sbt.plugins.JvmPlugin),Set(Atom(sbt.plugins.SemanticdbPlugin))), Clause(Atom(sbt.plugins.JvmPlugin),Set(Atom(sbt.plugins.JUnitXmlReportPlugin))), Clause(Atom(sbt.plugins.CorePlugin),Set(Atom(sbt.plugins.Giter8TemplatePlugin))), Clause(Atom(sbt.plugins.JvmPlugin),Set(Atom(sbt.plugins.MiniDependencyTreePlugin))), Clause(Atom(sbt.plugins.JvmPlugin),Set(Atom(org.jetbrains.sbt.StructurePlugin))), Clause(Atom(sbt.plugins.JvmPlugin),Set(Atom(org.jetbrains.sbt.IdeaShellPlugin))), Clause(And(Set(Atom(sbt.plugins.CorePlugin), Atom(sbt.plugins.JvmPlugin))),Set(Atom(org.jetbrains.sbt.indices.SbtIntellijIndicesPlugin)))))
[debug]   :: deduced result: Matched(sbt.plugins.CorePlugin,sbt.plugins.Giter8TemplatePlugin,sbt.plugins.IvyPlugin,sbt.plugins.JvmPlugin,sbt.plugins.SemanticdbPlugin,org.jetbrains.sbt.indices.SbtIntellijIndicesPlugin,sbt.plugins.JUnitXmlReportPlugin,org.jetbrains.sbt.IdeaShellPlugin,org.jetbrains.sbt.StructurePlugin,sbt.plugins.MiniDependencyTreePlugin)
[debug] Plugins.deducer#function took 1.8013 ms
[info] loading settings for project train from build.sbt ...
[debug]         Load.resolveProject(train) took 24.1101ms
[debug]       Load.loadTransitive: finalizeProject(Project(id train, base: D:\train, plugins: List(<none>))) took 26.7964ms
[debug] [Loading] Done in D:\train, returning: (train)
[debug]     Load.loadUnit: loadedProjectsRaw took 101.388ms
[debug]     Load.loadUnit: cleanEvalClasses took 2.731ms
[debug]   Load.loadUnit(file:/D:/train/, ...) took 608.9989ms
[debug] Load.apply: load took 610.187ms
[debug] Load.apply: resolveProjects took 0.0993ms
[debug] Load.apply: finalTransforms took 18.0939ms
[debug] Load.apply: config.delegates took 0.2382ms
[debug] Load.apply: Def.make(settings)... took 52.0199ms
[debug] Load.apply: structureIndex took 18.5131ms
[debug] Load.apply: mkStreams took 0.0028ms
[info] set current project to train (in build file:/D:/train/)
[debug] > Exec(sbtPopOnFailure, None, None)
[debug] > Exec(resumeFromFailure, None, None)
[debug] > Exec(notifyUsersAboutShell, None, None)
[debug] > Exec(iflast shell, None, None)
[debug] > Exec(; set ideaPort in Global := 59609 ; idea-shell, None, None)
[debug] > Exec(set ideaPort in Global := 59609, None, None)
[info] Defining Global / ideaPort
[info] The new value will be used by Compile / compile, Test / compile
[debug] Defining 
[debug] 	Global / ideaPort
[debug] 
[debug] The new value will be used by 
[debug] 	Compile / compile
[debug] 	Test / compile
[info] Reapplying settings...
[info] set current project to train (in build file:/D:/train/)
[debug] > Exec(idea-shell, None, None)
