[debug] > Exec(early(addDefaultCommands), None, None)
[debug] > Exec(addDefaultCommands, None, None)
[debug] > Exec(early(initialize), None, None)
[debug] > Exec(initialize, None, None)
[debug] > Exec(early(addPluginSbtFile="""C:\Users\ASUSPC~1\AppData\Local\Temp\idea5.sbt"""), None, None)
[debug] > Exec(addPluginSbtFile="""C:\Users\ASUSPC~1\AppData\Local\Temp\idea5.sbt""", None, None)
[debug] > Exec(boot, None, None)
[debug] > Exec(writeSbtVersion, None, None)
[debug] > Exec(reload, None, None)
[debug] > Exec(sbtStashOnFailure, None, None)
[debug] > Exec(onFailure loadFailed, None, None)
[debug] > Exec(loadp, None, None)
[info] welcome to sbt 1.4.7 (OpenLogic-OpenJDK Java 1.8.0-262)
[debug]       Load.loadUnit: plugins took 78.0864ms
[debug]       Load.loadUnit: defsScala took 0.4524ms
[debug] [Loading] Scanning directory C:\Users\Asus PC\.sbt\1.0\plugins
[debug] [Loading] Found non-root projects 
[debug] [Loading] Done in C:\Users\Asus PC\.sbt\1.0\plugins, returning: ()
[debug] deducing auto plugins based on known facts Set(Atom(sbt.plugins.CorePlugin)) and clauses Clauses(List(Clause(Atom(sbt.plugins.JvmPlugin),Set(Atom(sbt.plugins.IvyPlugin))), Clause(Atom(sbt.ScriptedPlugin),Set(Atom(sbt.plugins.JvmPlugin))), Clause(Atom(sbt.plugins.SbtPlugin),Set(Atom(sbt.ScriptedPlugin))), Clause(Atom(sbt.plugins.SemanticdbPlugin),Set(Atom(sbt.plugins.JvmPlugin))), Clause(Atom(sbt.plugins.JUnitXmlReportPlugin),Set(Atom(sbt.plugins.JvmPlugin))), Clause(Atom(sbt.plugins.MiniDependencyTreePlugin),Set(Atom(sbt.plugins.JvmPlugin))), Clause(Atom(sbt.plugins.CorePlugin),Set(Atom(sbt.plugins.IvyPlugin))), Clause(Atom(sbt.plugins.IvyPlugin),Set(Atom(sbt.plugins.JvmPlugin))), Clause(Atom(sbt.plugins.JvmPlugin),Set(Atom(sbt.plugins.SemanticdbPlugin))), Clause(Atom(sbt.plugins.JvmPlugin),Set(Atom(sbt.plugins.JUnitXmlReportPlugin))), Clause(Atom(sbt.plugins.CorePlugin),Set(Atom(sbt.plugins.Giter8TemplatePlugin))), Clause(Atom(sbt.plugins.JvmPlugin),Set(Atom(sbt.plugins.MiniDependencyTreePlugin)))))
[debug]   :: deduced result: Matched(sbt.plugins.CorePlugin,sbt.plugins.Giter8TemplatePlugin,sbt.plugins.IvyPlugin,sbt.plugins.JvmPlugin,sbt.plugins.MiniDependencyTreePlugin,sbt.plugins.JUnitXmlReportPlugin,sbt.plugins.SemanticdbPlugin)
[debug] Plugins.deducer#function took 18.4807 ms
[debug]           Load.resolveProject(global-plugins) took 37.6486ms
[debug]         Load.loadTransitive: finalizeProject(Project(id global-plugins, base: C:\Users\Asus PC\.sbt\1.0\plugins, plugins: List(<none>))) took 159.9026ms
[debug] [Loading] Done in C:\Users\Asus PC\.sbt\1.0\plugins, returning: (global-plugins)
[debug]       Load.loadUnit: loadedProjectsRaw took 177.6741ms
[debug]       Load.loadUnit: cleanEvalClasses took 0.2217ms
[debug]     Load.loadUnit(file:/C:/Users/Asus%20PC/.sbt/1.0/plugins/, ...) took 262.7939ms
[debug]   Load.apply: load took 392.4483ms
[debug]   Load.apply: resolveProjects took 5.1669ms
[debug]   Load.apply: finalTransforms took 45.273ms
[debug]   Load.apply: config.delegates took 6.9588ms
[debug]   Load.apply: Def.make(settings)... took 617.2361ms
[debug]   Load.apply: structureIndex took 75.5637ms
[debug]   Load.apply: mkStreams took 1.6619ms
[info] loading global plugins from C:\Users\Asus PC\.sbt\1.0\plugins
[debug] Running task... Cancel: Signal, check cycles: false, forcegc: true
[debug] Load.defaultLoad until apply took 2280.8505ms
[debug]           Load.loadUnit: plugins took 26.2431ms
[debug]           Load.loadUnit: defsScala took 0.003ms
[debug] [Loading] Scanning directory D:\train\project
[debug]             Load.loadUnit: mkEval took 6.3112ms
[debug] [Loading] Found non-root projects 
[debug] [Loading] Done in D:\train\project, returning: ()
[debug] deducing auto plugins based on known facts Set(Atom(sbt.plugins.CorePlugin)) and clauses Clauses(List(Clause(Atom(sbt.plugins.JvmPlugin),Set(Atom(sbt.plugins.IvyPlugin))), Clause(Atom(sbt.ScriptedPlugin),Set(Atom(sbt.plugins.JvmPlugin))), Clause(Atom(sbt.plugins.SbtPlugin),Set(Atom(sbt.ScriptedPlugin))), Clause(Atom(sbt.plugins.SemanticdbPlugin),Set(Atom(sbt.plugins.JvmPlugin))), Clause(Atom(sbt.plugins.JUnitXmlReportPlugin),Set(Atom(sbt.plugins.JvmPlugin))), Clause(Atom(sbt.plugins.MiniDependencyTreePlugin),Set(Atom(sbt.plugins.JvmPlugin))), Clause(Atom(sbt.plugins.CorePlugin),Set(Atom(sbt.plugins.IvyPlugin))), Clause(Atom(sbt.plugins.IvyPlugin),Set(Atom(sbt.plugins.JvmPlugin))), Clause(Atom(sbt.plugins.JvmPlugin),Set(Atom(sbt.plugins.SemanticdbPlugin))), Clause(Atom(sbt.plugins.JvmPlugin),Set(Atom(sbt.plugins.JUnitXmlReportPlugin))), Clause(Atom(sbt.plugins.CorePlugin),Set(Atom(sbt.plugins.Giter8TemplatePlugin))), Clause(Atom(sbt.plugins.JvmPlugin),Set(Atom(sbt.plugins.MiniDependencyTreePlugin)))))
[debug]   :: deduced result: Matched(sbt.plugins.CorePlugin,sbt.plugins.Giter8TemplatePlugin,sbt.plugins.IvyPlugin,sbt.plugins.JvmPlugin,sbt.plugins.MiniDependencyTreePlugin,sbt.plugins.JUnitXmlReportPlugin,sbt.plugins.SemanticdbPlugin)
[debug] Plugins.deducer#function took 1.6025 ms
[info] loading settings for project train-build from idea5.sbt ...
[debug]               Load.resolveProject(train-build) took 2.9513ms
[debug]             Load.loadTransitive: finalizeProject(Project(id train-build, base: D:\train\project, plugins: List(<none>))) took 5.0504ms
[debug] [Loading] Done in D:\train\project, returning: (train-build)
[debug]           Load.loadUnit: loadedProjectsRaw took 134.8401ms
[debug]           Load.loadUnit: cleanEvalClasses took 4.4667ms
[debug]         Load.loadUnit(file:/D:/train/project/, ...) took 166.3255ms
[debug]       Load.apply: load took 167.2568ms
[debug]       Load.apply: resolveProjects took 0.0936ms
[debug]       Load.apply: finalTransforms took 6.4687ms
[debug]       Load.apply: config.delegates took 0.3106ms
[debug]       Load.apply: Def.make(settings)... took 54.0412ms
[debug]       Load.apply: structureIndex took 22.6704ms
[debug]       Load.apply: mkStreams took 0.0019ms
[info] loading project definition from D:\train\project
[debug] Running task... Cancel: Signal, check cycles: false, forcegc: true
[debug]     Load.loadUnit: plugins took 477.3596ms
[debug]     Load.loadUnit: defsScala took 0.0026ms
[debug] [Loading] Scanning directory D:\train
[debug]       Load.loadUnit: mkEval took 0.223ms
[debug] [Loading] Found non-root projects 
[debug] [Loading] Done in D:\train, returning: ()
[debug] deducing auto plugins based on known facts Set(Atom(sbt.plugins.CorePlugin)) and clauses Clauses(List(Clause(Atom(sbt.plugins.JvmPlugin),Set(Atom(sbt.plugins.IvyPlugin))), Clause(Atom(sbt.ScriptedPlugin),Set(Atom(sbt.plugins.JvmPlugin))), Clause(Atom(sbt.plugins.SbtPlugin),Set(Atom(sbt.ScriptedPlugin))), Clause(Atom(sbt.plugins.SemanticdbPlugin),Set(Atom(sbt.plugins.JvmPlugin))), Clause(Atom(sbt.plugins.JUnitXmlReportPlugin),Set(Atom(sbt.plugins.JvmPlugin))), Clause(Atom(sbt.plugins.MiniDependencyTreePlugin),Set(Atom(sbt.plugins.JvmPlugin))), Clause(Atom(org.jetbrains.sbt.StructurePlugin),Set(Atom(sbt.plugins.JvmPlugin))), Clause(Atom(org.jetbrains.sbt.IdeaShellPlugin),Set(Atom(sbt.plugins.JvmPlugin))), Clause(Atom(org.jetbrains.sbt.indices.SbtIntellijIndicesPlugin),Set(Atom(sbt.plugins.JvmPlugin))), Clause(Atom(sbt.plugins.CorePlugin),Set(Atom(sbt.plugins.IvyPlugin))), Clause(Atom(sbt.plugins.IvyPlugin),Set(Atom(sbt.plugins.JvmPlugin))), Clause(Atom(sbt.plugins.JvmPlugin),Set(Atom(sbt.plugins.SemanticdbPlugin))), Clause(Atom(sbt.plugins.JvmPlugin),Set(Atom(sbt.plugins.JUnitXmlReportPlugin))), Clause(Atom(sbt.plugins.CorePlugin),Set(Atom(sbt.plugins.Giter8TemplatePlugin))), Clause(Atom(sbt.plugins.JvmPlugin),Set(Atom(sbt.plugins.MiniDependencyTreePlugin))), Clause(Atom(sbt.plugins.JvmPlugin),Set(Atom(org.jetbrains.sbt.StructurePlugin))), Clause(Atom(sbt.plugins.JvmPlugin),Set(Atom(org.jetbrains.sbt.IdeaShellPlugin))), Clause(And(Set(Atom(sbt.plugins.CorePlugin), Atom(sbt.plugins.JvmPlugin))),Set(Atom(org.jetbrains.sbt.indices.SbtIntellijIndicesPlugin)))))
[debug]   :: deduced result: Matched(sbt.plugins.CorePlugin,sbt.plugins.Giter8TemplatePlugin,sbt.plugins.IvyPlugin,sbt.plugins.JvmPlugin,sbt.plugins.SemanticdbPlugin,org.jetbrains.sbt.indices.SbtIntellijIndicesPlugin,sbt.plugins.JUnitXmlReportPlugin,org.jetbrains.sbt.IdeaShellPlugin,org.jetbrains.sbt.StructurePlugin,sbt.plugins.MiniDependencyTreePlugin)
[debug] Plugins.deducer#function took 1.9804 ms
[info] loading settings for project train from build.sbt ...
[debug]         Load.resolveProject(train) took 24.5792ms
[debug]       Load.loadTransitive: finalizeProject(Project(id train, base: D:\train, plugins: List(<none>))) took 27.711ms
[debug] [Loading] Done in D:\train, returning: (train)
[debug]     Load.loadUnit: loadedProjectsRaw took 86.7094ms
[debug]     Load.loadUnit: cleanEvalClasses took 2.7993ms
[debug]   Load.loadUnit(file:/D:/train/, ...) took 567.3655ms
[debug] Load.apply: load took 568.6575ms
[debug] Load.apply: resolveProjects took 0.1134ms
[debug] Load.apply: finalTransforms took 19.8038ms
[debug] Load.apply: config.delegates took 0.3322ms
[debug] Load.apply: Def.make(settings)... took 57.7023ms
[debug] Load.apply: structureIndex took 18.9689ms
[debug] Load.apply: mkStreams took 0.0045ms
[info] set current project to train (in build file:/D:/train/)
[debug] > Exec(sbtPopOnFailure, None, None)
[debug] > Exec(resumeFromFailure, None, None)
[debug] > Exec(notifyUsersAboutShell, None, None)
[debug] > Exec(iflast shell, None, None)
[debug] > Exec(; set ideaPort in Global := 61162 ; idea-shell, None, None)
[debug] > Exec(set ideaPort in Global := 61162, None, None)
[info] Defining Global / ideaPort
[info] The new value will be used by Compile / compile, Test / compile
[debug] Defining 
[debug] 	Global / ideaPort
[debug] 
[debug] The new value will be used by 
[debug] 	Compile / compile
[debug] 	Test / compile
[info] Reapplying settings...
[info] set current project to train (in build file:/D:/train/)
[debug] > Exec(idea-shell, None, None)
